#
# There is insufficient memory for the Java Runtime Environment to continue.
# Native memory allocation (mmap) failed to map 125829120 bytes for G1 virtual space
# Possible reasons:
#   The system is out of physical RAM or swap space
#   The process is running with CompressedOops enabled, and the Java Heap may be blocking the growth of the native heap
# Possible solutions:
#   Reduce memory load on the system
#   Increase physical memory or swap space
#   Check if swap backing store is full
#   Decrease Java heap size (-Xmx/-Xms)
#   Decrease number of Java threads
#   Decrease Java thread stack sizes (-Xss)
#   Set larger code cache with -XX:ReservedCodeCacheSize=
#   JVM is running with Unscaled Compressed Oops mode in which the Java heap is
#     placed in the first 4GB address space. The Java Heap base address is the
#     maximum limit for the native heap growth. Please use -XX:HeapBaseMinAddress
#     to set the Java Heap base and to place the Java Heap above 4GB virtual address.
# This output file may be truncated or incomplete.
#
#  Out of Memory Error (os_windows.cpp:3548), pid=1136, tid=25376
#
# JRE version:  (17.0.10+11) (build )
# Java VM: Java HotSpot(TM) 64-Bit Server VM (17.0.10+11-LTS-240, mixed mode, sharing, tiered, compressed oops, compressed class ptrs, g1 gc, windows-amd64)
# No core dump will be written. Minidumps are not enabled by default on client versions of Windows
#

---------------  S U M M A R Y ------------

Command Line: -Dfile.encoding=UTF-8 -Dstdout.encoding=UTF-8 -Dstderr.encoding=UTF-8 -XX:+ShowCodeDetailsInExceptionMessages application.SistemaInterno

Host: AMD FX-8370E Eight-Core Processor              , 8 cores, 7G,  Windows 11 , 64 bit Build 22000 (10.0.22000.2538)
Time: Sun Apr 14 00:42:33 2024 Hora oficial do Brasil elapsed time: 0.070978 seconds (0d 0h 0m 0s)

---------------  T H R E A D  ---------------

Current thread (0x0000021be544b680):  JavaThread "Unknown thread" [_thread_in_vm, id=25376, stack(0x00000053aad00000,0x00000053aae00000)]

Stack: [0x00000053aad00000,0x00000053aae00000]
Native frames: (J=compiled Java code, j=interpreted, Vv=VM code, C=native code)
V  [jvm.dll+0x677a5a]
V  [jvm.dll+0x7d8b2d]
V  [jvm.dll+0x7da48e]
V  [jvm.dll+0x7daaf3]
V  [jvm.dll+0x2455ff]
V  [jvm.dll+0x6749b9]
V  [jvm.dll+0x669382]
V  [jvm.dll+0x302e96]
V  [jvm.dll+0x30a416]
V  [jvm.dll+0x359cbe]
V  [jvm.dll+0x359eef]
V  [jvm.dll+0x2d9e88]
V  [jvm.dll+0x2dadf4]
V  [jvm.dll+0x7aa551]
V  [jvm.dll+0x367911]
V  [jvm.dll+0x789639]
V  [jvm.dll+0x3eb30f]
V  [jvm.dll+0x3ecd91]
C  [jli.dll+0x5297]
C  [ucrtbase.dll+0x26c0c]
C  [KERNEL32.DLL+0x153e0]
C  [ntdll.dll+0x485b]


---------------  P R O C E S S  ---------------

Threads class SMR info:
_java_thread_list=0x00007ff840dc6a18, length=0, elements={
}

Java Threads: ( => current thread )

Other Threads:
  0x0000021be54a3520 GCTaskThread "GC Thread#0" [stack: 0x00000053aae00000,0x00000053aaf00000] [id=25396]
  0x0000021be54b3c10 ConcurrentGCThread "G1 Main Marker" [stack: 0x00000053aaf00000,0x00000053ab000000] [id=25400]
  0x0000021be54b4620 ConcurrentGCThread "G1 Conc#0" [stack: 0x00000053ab000000,0x00000053ab100000] [id=25392]

[error occurred during error reporting (printing all threads), id 0xc0000005, EXCEPTION_ACCESS_VIOLATION (0xc0000005) at pc=0x00007ff8405faae7]

VM state: not at safepoint (not fully initialized)

VM Mutex/Monitor currently owned by a thread:  ([mutex/lock_event])
[0x0000021be5446630] Heap_lock - owner thread: 0x0000021be544b680

Heap address: 0x0000000088000000, size: 1920 MB, Compressed Oops mode: 32-bit

CDS archive(s) mapped at: [0x0000000000000000-0x0000000000000000-0x0000000000000000), size 0, SharedBaseAddress: 0x0000000800000000, ArchiveRelocationMode: 1.
Narrow klass base: 0x0000000000000000, Narrow klass shift: 0, Narrow klass range: 0x0

GC Precious Log:
<Empty>

Heap:
 garbage-first heap   total 0K, used 0K [0x0000000088000000, 0x0000000100000000)
  region size 1024K, 0 young (0K), 0 survivors (0K)

[error occurred during error reporting (printing heap information), id 0xc0000005, EXCEPTION_ACCESS_VIOLATION (0xc0000005) at pc=0x00007ff8409e1249]

GC Heap History (0 events):
No events

Deoptimization events (0 events):
No events

Classes unloaded (0 events):
No events

Classes redefined (0 events):
No events

Internal exceptions (0 events):
No events

VM Operations (0 events):
No events

Events (1 events):
Event: 0.011 Loaded shared library D:\Programas\java\jdk-17.0.10\bin\java.dll


Dynamic libraries:
0x00007ff7a9910000 - 0x00007ff7a9920000 	D:\Programas\java\jdk-17.0.10\bin\javaw.exe
0x00007ff897700000 - 0x00007ff897909000 	C:\Windows\SYSTEM32\ntdll.dll
0x00007ff896030000 - 0x00007ff8960ed000 	C:\Windows\System32\KERNEL32.DLL
0x00007ff894dd0000 - 0x00007ff895154000 	C:\Windows\System32\KERNELBASE.dll
0x00007ff895290000 - 0x00007ff8953a1000 	C:\Windows\System32\ucrtbase.dll
0x00007ff881e40000 - 0x00007ff881e59000 	D:\Programas\java\jdk-17.0.10\bin\jli.dll
0x00007ff896bf0000 - 0x00007ff896c9e000 	C:\Windows\System32\ADVAPI32.dll
0x00007ff8957d0000 - 0x00007ff895873000 	C:\Windows\System32\msvcrt.dll
0x00007ff896a60000 - 0x00007ff896afe000 	C:\Windows\System32\sechost.dll
0x00007ff895550000 - 0x00007ff895671000 	C:\Windows\System32\RPCRT4.dll
0x00007ff8967d0000 - 0x00007ff89697d000 	C:\Windows\System32\USER32.dll
0x00007ff894da0000 - 0x00007ff894dc6000 	C:\Windows\System32\win32u.dll
0x00007ff896a30000 - 0x00007ff896a5a000 	C:\Windows\System32\GDI32.dll
0x00007ff895430000 - 0x00007ff89554e000 	C:\Windows\System32\gdi32full.dll
0x00007ff894b90000 - 0x00007ff894c2d000 	C:\Windows\System32\msvcp_win.dll
0x00007ff8812e0000 - 0x00007ff8812fb000 	D:\Programas\java\jdk-17.0.10\bin\VCRUNTIME140.dll
0x00007ff87d490000 - 0x00007ff87d735000 	C:\Windows\WinSxS\amd64_microsoft.windows.common-controls_6595b64144ccf1df_6.0.22000.120_none_9d947278b86cc467\COMCTL32.dll
0x00007ff88d3a0000 - 0x00007ff88d3aa000 	C:\Windows\SYSTEM32\VERSION.dll
0x00007ff8969f0000 - 0x00007ff896a21000 	C:\Windows\System32\IMM32.DLL
0x00007ff8812d0000 - 0x00007ff8812dc000 	D:\Programas\java\jdk-17.0.10\bin\vcruntime140_1.dll
0x00007ff8785f0000 - 0x00007ff87867e000 	D:\Programas\java\jdk-17.0.10\bin\msvcp140.dll
0x00007ff840310000 - 0x00007ff840eef000 	D:\Programas\java\jdk-17.0.10\bin\server\jvm.dll
0x00007ff895ac0000 - 0x00007ff895ac8000 	C:\Windows\System32\PSAPI.DLL
0x00007ff88f150000 - 0x00007ff88f183000 	C:\Windows\SYSTEM32\WINMM.dll
0x00007ff88ade0000 - 0x00007ff88ade9000 	C:\Windows\SYSTEM32\WSOCK32.dll
0x00007ff895960000 - 0x00007ff8959cf000 	C:\Windows\System32\WS2_32.dll
0x00007ff893be0000 - 0x00007ff893bf8000 	C:\Windows\SYSTEM32\kernel.appcore.dll
0x00007ff8890e0000 - 0x00007ff8890ea000 	D:\Programas\java\jdk-17.0.10\bin\jimage.dll
0x00007ff88db30000 - 0x00007ff88dd51000 	C:\Windows\SYSTEM32\DBGHELP.DLL
0x00007ff883360000 - 0x00007ff883391000 	C:\Windows\SYSTEM32\dbgcore.DLL
0x00007ff8953b0000 - 0x00007ff89542f000 	C:\Windows\System32\bcryptPrimitives.dll
0x00007ff8805d0000 - 0x00007ff8805f5000 	D:\Programas\java\jdk-17.0.10\bin\java.dll

dbghelp: loaded successfully - version: 4.0.5 - missing functions: none
symbol engine: initialized successfully - sym options: 0x614 - pdb path: .;D:\Programas\java\jdk-17.0.10\bin;C:\Windows\SYSTEM32;C:\Windows\WinSxS\amd64_microsoft.windows.common-controls_6595b64144ccf1df_6.0.22000.120_none_9d947278b86cc467;D:\Programas\java\jdk-17.0.10\bin\server

VM Arguments:
jvm_args: -Dfile.encoding=UTF-8 -Dstdout.encoding=UTF-8 -Dstderr.encoding=UTF-8 -XX:+ShowCodeDetailsInExceptionMessages 
java_command: application.SistemaInterno
java_class_path (initial): D:\serratec\TrabalhoJava\SistemaBancario\bin
Launcher Type: SUN_STANDARD

[Global flags]
     intx CICompilerCount                          = 4                                         {product} {ergonomic}
     uint ConcGCThreads                            = 2                                         {product} {ergonomic}
     uint G1ConcRefinementThreads                  = 8                                         {product} {ergonomic}
   size_t G1HeapRegionSize                         = 1048576                                   {product} {ergonomic}
    uintx GCDrainStackTargetSize                   = 64                                        {product} {ergonomic}
   size_t InitialHeapSize                          = 125829120                                 {product} {ergonomic}
   size_t MarkStackSize                            = 4194304                                   {product} {ergonomic}
   size_t MaxHeapSize                              = 2013265920                                {product} {ergonomic}
   size_t MinHeapDeltaBytes                        = 1048576                                   {product} {ergonomic}
   size_t MinHeapSize                              = 8388608                                   {product} {ergonomic}
    uintx NonNMethodCodeHeapSize                   = 5839372                                {pd product} {ergonomic}
    uintx NonProfiledCodeHeapSize                  = 122909434                              {pd product} {ergonomic}
    uintx ProfiledCodeHeapSize                     = 122909434                              {pd product} {ergonomic}
    uintx ReservedCodeCacheSize                    = 251658240                              {pd product} {ergonomic}
     bool SegmentedCodeCache                       = true                                      {product} {ergonomic}
     bool ShowCodeDetailsInExceptionMessages       = true                                   {manageable} {command line}
   size_t SoftMaxHeapSize                          = 2013265920                             {manageable} {ergonomic}
     bool UseCompressedClassPointers               = true                           {product lp64_product} {ergonomic}
     bool UseCompressedOops                        = true                           {product lp64_product} {ergonomic}
     bool UseG1GC                                  = true                                      {product} {ergonomic}
     bool UseLargePagesIndividualAllocation        = false                                  {pd product} {ergonomic}

Logging:
Log output configuration:
 #0: stdout all=warning uptime,level,tags
 #1: stderr all=off uptime,level,tags

Environment Variables:
JAVA_HOME=D:\Programas\java\jdk-17.0.10
PATH=D:/Programas/java/jdk-17.0.10/bin/server;D:/Programas/java/jdk-17.0.10/bin;D:\Programas\java\jdk-17.0.10\bin;D:\Programas\java\apache-maven-3.8.8\bin;C:\Program Files (x86)\Common Files\Oracle\Java\javapath;C:\Windows\system32;C:\Windows;C:\Windows\System32\Wbem;C:\Windows\System32\WindowsPowerShell\v1.0\;C:\Windows\System32\OpenSSH\;C:\ProgramData\UNIVALI\Portugol Studio;C:\Program Files\TortoiseGit\bin;C:\Users\carlo\.console-ninja\.bin;C:\Users\carlo\AppData\Local\Microsoft\WindowsApps;C:\Users\carlo\AppData\Local\Programs\Microsoft VS Code\bin;C:\Users\carlo\OneDrive\Área de Trabalho;
USERNAME=carlo
OS=Windows_NT
PROCESSOR_IDENTIFIER=AMD64 Family 21 Model 2 Stepping 0, AuthenticAMD



---------------  S Y S T E M  ---------------

OS:
 Windows 11 , 64 bit Build 22000 (10.0.22000.2538)
OS uptime: 3 days 6:42 hours

CPU: total 8 (initial active 8) (8 cores per cpu, 1 threads per core) family 21 model 2 stepping 0 microcode 0x0, cx8, cmov, fxsr, mmx, 3dnowpref, sse, sse2, sse3, ssse3, sse4a, sse4.1, sse4.2, popcnt, lzcnt, tsc, tscinvbit, avx, aes, clmul, bmi1, fma, vzeroupper, clflush

Memory: 4k page, system-wide physical 7677M (821M free)
TotalPageFile size 31229M (AvailPageFile size 110M)
current process WorkingSet (physical memory assigned to process): 10M, peak: 10M
current process commit charge ("private bytes"): 60M, peak: 180M

vm_info: Java HotSpot(TM) 64-Bit Server VM (17.0.10+11-LTS-240) for windows-amd64 JRE (17.0.10+11-LTS-240), built on Dec 19 2023 21:47:25 by "mach5one" with MS VC++ 17.1 (VS2022)

END.
